<?xml version="1.0" encoding="UTF-8"?>
<testsuite xmlns:xsi="http://www.w3.org/2001/XMLSchema-instance" xsi:noNamespaceSchemaLocation="https://maven.apache.org/surefire/maven-surefire-plugin/xsd/surefire-test-report-3.0.xsd" version="3.0" name="org.fpij.jitakyoei.model.dao.ProfessorDaoTest" time="0.003" tests="5" errors="0" skipped="0" failures="0">
  <properties>
    <property name="java.specification.version" value="23"/>
    <property name="sun.jnu.encoding" value="UTF-8"/>
    <property name="java.class.path" value="/Users/mikaelbatistadatrindade/Downloads/Sistema-de-Judocas/target/test-classes:/Users/mikaelbatistadatrindade/Downloads/Sistema-de-Judocas/target/classes:/Users/mikaelbatistadatrindade/Downloads/Sistema-de-Judocas/lib/genesis/dist/genesis-annotation-jdk5-3.2.jar:/Users/mikaelbatistadatrindade/Downloads/Sistema-de-Judocas/lib/genesis/dist/genesis-aspect-3.2.jar:/Users/mikaelbatistadatrindade/Downloads/Sistema-de-Judocas/lib/genesis/dist/genesis-client-3.2.jar:/Users/mikaelbatistadatrindade/Downloads/Sistema-de-Judocas/lib/genesis/dist/genesis-client-swing-3.2.jar:/Users/mikaelbatistadatrindade/Downloads/Sistema-de-Judocas/lib/genesis/dist/genesis-client-swt-3.2.jar:/Users/mikaelbatistadatrindade/Downloads/Sistema-de-Judocas/lib/genesis/dist/genesis-client-thinlet-3.2.jar:/Users/mikaelbatistadatrindade/Downloads/Sistema-de-Judocas/lib/genesis/dist/genesis-container-3.2.jar:/Users/mikaelbatistadatrindade/Downloads/Sistema-de-Judocas/lib/genesis/dist/genesis-server-3.2.jar:/Users/mikaelbatistadatrindade/Downloads/Sistema-de-Judocas/lib/genesis/dist/genesis-shared-3.2.jar:/Users/mikaelbatistadatrindade/Downloads/Sistema-de-Judocas/lib/genesis/dist/genesis-shared-annotated-3.2.jar:/Users/mikaelbatistadatrindade/Downloads/Sistema-de-Judocas/lib/forms.jar:/Users/mikaelbatistadatrindade/Downloads/Sistema-de-Judocas/lib/db4o-7.4.106.13438-java5.jar:/Users/mikaelbatistadatrindade/Downloads/Sistema-de-Judocas/lib/jcalendar-1.3.3.jar:/Users/mikaelbatistadatrindade/Downloads/Sistema-de-Judocas/lib/TableLayout.jar:/Users/mikaelbatistadatrindade/.m2/repository/junit/junit/4.12/junit-4.12.jar:/Users/mikaelbatistadatrindade/.m2/repository/org/hamcrest/hamcrest-core/1.3/hamcrest-core-1.3.jar:"/>
    <property name="java.vm.vendor" value="Homebrew"/>
    <property name="sun.arch.data.model" value="64"/>
    <property name="java.vendor.url" value="https://github.com/Homebrew/homebrew-core/issues"/>
    <property name="user.timezone" value="America/Sao_Paulo"/>
    <property name="os.name" value="Mac OS X"/>
    <property name="java.vm.specification.version" value="23"/>
    <property name="sun.java.launcher" value="SUN_STANDARD"/>
    <property name="user.country" value="BR"/>
    <property name="sun.boot.library.path" value="/opt/homebrew/Cellar/openjdk/23.0.1/libexec/openjdk.jdk/Contents/Home/lib"/>
    <property name="sun.java.command" value="/Users/mikaelbatistadatrindade/Downloads/Sistema-de-Judocas/target/surefire/surefirebooter-20241129185209206_3.jar /Users/mikaelbatistadatrindade/Downloads/Sistema-de-Judocas/target/surefire 2024-11-29T18-52-09_148-jvmRun1 surefire-20241129185209206_1tmp surefire_0-20241129185209206_2tmp"/>
    <property name="http.nonProxyHosts" value="local|*.local|169.254/16|*.169.254/16"/>
    <property name="jdk.debug" value="release"/>
    <property name="surefire.test.class.path" value="/Users/mikaelbatistadatrindade/Downloads/Sistema-de-Judocas/target/test-classes:/Users/mikaelbatistadatrindade/Downloads/Sistema-de-Judocas/target/classes:/Users/mikaelbatistadatrindade/Downloads/Sistema-de-Judocas/lib/genesis/dist/genesis-annotation-jdk5-3.2.jar:/Users/mikaelbatistadatrindade/Downloads/Sistema-de-Judocas/lib/genesis/dist/genesis-aspect-3.2.jar:/Users/mikaelbatistadatrindade/Downloads/Sistema-de-Judocas/lib/genesis/dist/genesis-client-3.2.jar:/Users/mikaelbatistadatrindade/Downloads/Sistema-de-Judocas/lib/genesis/dist/genesis-client-swing-3.2.jar:/Users/mikaelbatistadatrindade/Downloads/Sistema-de-Judocas/lib/genesis/dist/genesis-client-swt-3.2.jar:/Users/mikaelbatistadatrindade/Downloads/Sistema-de-Judocas/lib/genesis/dist/genesis-client-thinlet-3.2.jar:/Users/mikaelbatistadatrindade/Downloads/Sistema-de-Judocas/lib/genesis/dist/genesis-container-3.2.jar:/Users/mikaelbatistadatrindade/Downloads/Sistema-de-Judocas/lib/genesis/dist/genesis-server-3.2.jar:/Users/mikaelbatistadatrindade/Downloads/Sistema-de-Judocas/lib/genesis/dist/genesis-shared-3.2.jar:/Users/mikaelbatistadatrindade/Downloads/Sistema-de-Judocas/lib/genesis/dist/genesis-shared-annotated-3.2.jar:/Users/mikaelbatistadatrindade/Downloads/Sistema-de-Judocas/lib/forms.jar:/Users/mikaelbatistadatrindade/Downloads/Sistema-de-Judocas/lib/db4o-7.4.106.13438-java5.jar:/Users/mikaelbatistadatrindade/Downloads/Sistema-de-Judocas/lib/jcalendar-1.3.3.jar:/Users/mikaelbatistadatrindade/Downloads/Sistema-de-Judocas/lib/TableLayout.jar:/Users/mikaelbatistadatrindade/.m2/repository/junit/junit/4.12/junit-4.12.jar:/Users/mikaelbatistadatrindade/.m2/repository/org/hamcrest/hamcrest-core/1.3/hamcrest-core-1.3.jar:"/>
    <property name="sun.cpu.endian" value="little"/>
    <property name="user.home" value="/Users/mikaelbatistadatrindade"/>
    <property name="user.language" value="en"/>
    <property name="java.specification.vendor" value="Oracle Corporation"/>
    <property name="java.version.date" value="2024-10-15"/>
    <property name="java.home" value="/opt/homebrew/Cellar/openjdk/23.0.1/libexec/openjdk.jdk/Contents/Home"/>
    <property name="file.separator" value="/"/>
    <property name="basedir" value="/Users/mikaelbatistadatrindade/Downloads/Sistema-de-Judocas"/>
    <property name="java.vm.compressedOopsMode" value="Zero based"/>
    <property name="line.separator" value="&#10;"/>
    <property name="java.vm.specification.vendor" value="Oracle Corporation"/>
    <property name="java.specification.name" value="Java Platform API Specification"/>
    <property name="apple.awt.application.name" value="ForkedBooter"/>
    <property name="surefire.real.class.path" value="/Users/mikaelbatistadatrindade/Downloads/Sistema-de-Judocas/target/surefire/surefirebooter-20241129185209206_3.jar"/>
    <property name="sun.management.compiler" value="HotSpot 64-Bit Tiered Compilers"/>
    <property name="ftp.nonProxyHosts" value="local|*.local|169.254/16|*.169.254/16"/>
    <property name="java.runtime.version" value="23.0.1"/>
    <property name="user.name" value="mikaelbatistadatrindade"/>
    <property name="stdout.encoding" value="UTF-8"/>
    <property name="path.separator" value=":"/>
    <property name="os.version" value="15.1.1"/>
    <property name="java.runtime.name" value="OpenJDK Runtime Environment"/>
    <property name="file.encoding" value="UTF-8"/>
    <property name="java.vm.name" value="OpenJDK 64-Bit Server VM"/>
    <property name="java.vendor.version" value="Homebrew"/>
    <property name="localRepository" value="/Users/mikaelbatistadatrindade/.m2/repository"/>
    <property name="java.vendor.url.bug" value="https://github.com/Homebrew/homebrew-core/issues"/>
    <property name="java.io.tmpdir" value="/var/folders/yg/0gl_mtqj3dgfw2y9_hf7g6kr0000gn/T/"/>
    <property name="java.version" value="23.0.1"/>
    <property name="user.dir" value="/Users/mikaelbatistadatrindade/Downloads/Sistema-de-Judocas"/>
    <property name="os.arch" value="aarch64"/>
    <property name="java.vm.specification.name" value="Java Virtual Machine Specification"/>
    <property name="native.encoding" value="UTF-8"/>
    <property name="java.library.path" value="/Users/mikaelbatistadatrindade/Library/Java/Extensions:/Library/Java/Extensions:/Network/Library/Java/Extensions:/System/Library/Java/Extensions:/usr/lib/java:."/>
    <property name="java.vm.info" value="mixed mode, sharing"/>
    <property name="stderr.encoding" value="UTF-8"/>
    <property name="java.vendor" value="Homebrew"/>
    <property name="java.vm.version" value="23.0.1"/>
    <property name="sun.io.unicode.encoding" value="UnicodeBig"/>
    <property name="socksNonProxyHosts" value="local|*.local|169.254/16|*.169.254/16"/>
    <property name="java.class.version" value="67.0"/>
  </properties>
  <testcase name="testAssociateProfessorWithFiliado" classname="org.fpij.jitakyoei.model.dao.ProfessorDaoTest" time="0.0">
    <system-out><![CDATA[DAOImpl.save()
Carlos Almeida
DAOImpl.save()
Carlos Alberto Almeida
]]></system-out>
  </testcase>
  <testcase name="testSearchProfessorByName" classname="org.fpij.jitakyoei.model.dao.ProfessorDaoTest" time="0.001">
    <system-out><![CDATA[DAOImpl.save()
João Silva
]]></system-out>
  </testcase>
  <testcase name="testRemoveEntidadeFromProfessor" classname="org.fpij.jitakyoei.model.dao.ProfessorDaoTest" time="0.0">
    <system-out><![CDATA[DAOImpl.save()
João Silva
DAOImpl.save()
João Silva
]]></system-out>
  </testcase>
  <testcase name="testUpdateProfessorName" classname="org.fpij.jitakyoei.model.dao.ProfessorDaoTest" time="0.001">
    <system-out><![CDATA[DAOImpl.save()
João Silva
DAOImpl.save()
João da Silva
]]></system-out>
  </testcase>
  <testcase name="testCreateProfessorWithMultipleEntidades" classname="org.fpij.jitakyoei.model.dao.ProfessorDaoTest" time="0.001">
    <system-out><![CDATA[DAOImpl.save()
João da Silva
]]></system-out>
  </testcase>
</testsuite>